2021-12-17 19:11:12,184 [restartedMain] [36mc.t.b.BookMyDocApplication[0;39m - Starting BookMyDocApplication using Java 15 on LAPTOP-R5RUVK6K with PID 16868 (C:\Users\samee\OneDrive\Desktop\Projects\Manju\book-my-doctor\target\classes started by sameer in C:\Users\samee\OneDrive\Desktop\Projects\Manju\book-my-doctor) 
2021-12-17 19:11:12,213 [restartedMain] [36mc.t.b.BookMyDocApplication[0;39m - No active profile set, falling back to default profiles: default 
2021-12-17 19:11:12,924 [restartedMain] [36mo.s.b.d.e.DevToolsPropertyDefaultsPostProcessor[0;39m - Devtools property defaults active! Set 'spring.devtools.add-properties' to 'false' to disable 
2021-12-17 19:11:12,925 [restartedMain] [36mo.s.b.d.e.DevToolsPropertyDefaultsPostProcessor[0;39m - For additional web related logging consider setting the 'logging.level.web' property to 'DEBUG' 
2021-12-17 19:11:15,877 [restartedMain] [36mo.s.d.r.c.RepositoryConfigurationDelegate[0;39m - Bootstrapping Spring Data JPA repositories in DEFAULT mode. 
2021-12-17 19:11:15,969 [restartedMain] [36mo.s.d.r.c.RepositoryConfigurationDelegate[0;39m - Finished Spring Data repository scanning in 84 ms. Found 11 JPA repository interfaces. 
2021-12-17 19:11:16,964 [restartedMain] [36mo.a.c.c.AprLifecycleListener[0;39m - An incompatible version [1.2.5] of the Apache Tomcat Native library is installed, while Tomcat requires version [1.2.14] 
2021-12-17 19:11:17,204 [restartedMain] [36mo.s.b.w.e.t.TomcatWebServer[0;39m - Tomcat initialized with port(s): 8080 (http) 
2021-12-17 19:11:17,214 [restartedMain] [36mo.a.c.c.StandardService[0;39m - Starting service [Tomcat] 
2021-12-17 19:11:17,215 [restartedMain] [36mo.a.c.c.StandardEngine[0;39m - Starting Servlet engine: [Apache Tomcat/9.0.55] 
2021-12-17 19:11:17,340 [restartedMain] [36mo.a.c.c.C.[.[.[/][0;39m - Initializing Spring embedded WebApplicationContext 
2021-12-17 19:11:17,341 [restartedMain] [36mo.s.b.w.s.c.ServletWebServerApplicationContext[0;39m - Root WebApplicationContext: initialization completed in 4415 ms 
2021-12-17 19:11:17,833 [restartedMain] [36mo.h.j.i.u.LogHelper[0;39m - HHH000204: Processing PersistenceUnitInfo [name: default] 
2021-12-17 19:11:17,996 [restartedMain] [36mo.h.Version[0;39m - HHH000412: Hibernate ORM core version 5.6.1.Final 
2021-12-17 19:11:18,411 [restartedMain] [36mo.h.a.c.Version[0;39m - HCANN000001: Hibernate Commons Annotations {5.1.2.Final} 
2021-12-17 19:11:18,592 [restartedMain] [36mc.z.h.HikariDataSource[0;39m - HikariPool-1 - Starting... 
2021-12-17 19:11:19,705 [restartedMain] [36mc.z.h.HikariDataSource[0;39m - HikariPool-1 - Start completed. 
2021-12-17 19:11:19,763 [restartedMain] [36mo.h.d.Dialect[0;39m - HHH000400: Using dialect: org.hibernate.dialect.MySQL55Dialect 
2021-12-17 19:11:35,897 [restartedMain] [36mo.h.e.t.j.p.i.JtaPlatformInitiator[0;39m - HHH000490: Using JtaPlatform implementation: [org.hibernate.engine.transaction.jta.platform.internal.NoJtaPlatform] 
2021-12-17 19:11:35,928 [restartedMain] [36mo.s.o.j.LocalContainerEntityManagerFactoryBean[0;39m - Initialized JPA EntityManagerFactory for persistence unit 'default' 
2021-12-17 19:11:36,618 [restartedMain] [36mo.s.b.a.o.j.JpaBaseConfiguration$JpaWebConfiguration[0;39m - spring.jpa.open-in-view is enabled by default. Therefore, database queries may be performed during view rendering. Explicitly configure spring.jpa.open-in-view to disable this warning 
2021-12-17 19:11:37,063 [restartedMain] [36mo.s.s.w.DefaultSecurityFilterChain[0;39m - Will secure Ant [pattern='/v2/api-docs'] with [] 
2021-12-17 19:11:37,064 [restartedMain] [36mo.s.s.w.DefaultSecurityFilterChain[0;39m - Will secure Ant [pattern='/swagger-resources/configuration/ui'] with [] 
2021-12-17 19:11:37,064 [restartedMain] [36mo.s.s.w.DefaultSecurityFilterChain[0;39m - Will secure Ant [pattern='/swagger-resources'] with [] 
2021-12-17 19:11:37,064 [restartedMain] [36mo.s.s.w.DefaultSecurityFilterChain[0;39m - Will secure Ant [pattern='/swagger-resources/configuration/security'] with [] 
2021-12-17 19:11:37,064 [restartedMain] [36mo.s.s.w.DefaultSecurityFilterChain[0;39m - Will secure Ant [pattern='/swagger-ui.html'] with [] 
2021-12-17 19:11:37,064 [restartedMain] [36mo.s.s.w.DefaultSecurityFilterChain[0;39m - Will secure Ant [pattern='/webjars/**'] with [] 
2021-12-17 19:11:37,081 [restartedMain] [36mo.s.s.w.DefaultSecurityFilterChain[0;39m - Will secure any request with [org.springframework.security.web.context.request.async.WebAsyncManagerIntegrationFilter@35073051, org.springframework.security.web.context.SecurityContextPersistenceFilter@26b7bd39, org.springframework.security.web.header.HeaderWriterFilter@2e7c35d3, org.springframework.security.web.authentication.logout.LogoutFilter@22866cfb, com.te.bookmydoctor.filter.CustomAuthorizationFilter@5efb6df6, com.te.bookmydoctor.filter.CustomAuthenticattionFilter@22bd5ddf, org.springframework.security.web.savedrequest.RequestCacheAwareFilter@20fec2fb, org.springframework.security.web.servletapi.SecurityContextHolderAwareRequestFilter@3596ce44, org.springframework.security.web.authentication.AnonymousAuthenticationFilter@5deb6c9, org.springframework.security.web.session.SessionManagementFilter@5468d5a9, org.springframework.security.web.access.ExceptionTranslationFilter@4b4597ca, org.springframework.security.web.access.intercept.FilterSecurityInterceptor@779f5f1c] 
2021-12-17 19:11:37,098 [restartedMain] [36ms.d.s.w.PropertySourcedRequestMappingHandlerMapping[0;39m - Mapped URL path [/v2/api-docs] onto method [springfox.documentation.swagger2.web.Swagger2Controller#getDocumentation(String, HttpServletRequest)] 
2021-12-17 19:11:37,245 [restartedMain] [36mo.s.b.d.a.OptionalLiveReloadServer[0;39m - LiveReload server is running on port 35729 
2021-12-17 19:11:37,489 [restartedMain] [36mo.s.b.w.e.t.TomcatWebServer[0;39m - Tomcat started on port(s): 8080 (http) with context path '' 
2021-12-17 19:11:37,490 [restartedMain] [36ms.d.s.w.p.DocumentationPluginsBootstrapper[0;39m - Context refreshed 
2021-12-17 19:11:37,509 [restartedMain] [36ms.d.s.w.p.DocumentationPluginsBootstrapper[0;39m - Found 1 custom documentation plugin(s) 
2021-12-17 19:11:37,528 [restartedMain] [36ms.d.s.w.s.ApiListingReferenceScanner[0;39m - Scanning for api listing references 
2021-12-17 19:11:37,695 [restartedMain] [36ms.d.s.w.r.o.CachingOperationNameGenerator[0;39m - Generating unique operation named: removeDoctorUsingGET_1 
2021-12-17 19:11:37,777 [restartedMain] [36mc.t.b.BookMyDocApplication[0;39m - Started BookMyDocApplication in 26.011 seconds (JVM running for 54.431) 
2021-12-17 19:53:55,218 [RMI TCP Connection(46)-127.0.0.1] [36mo.s.b.a.SpringApplicationAdminMXBeanRegistrar$SpringApplicationAdmin[0;39m - Application shutdown requested. 
2021-12-17 19:53:55,269 [RMI TCP Connection(46)-127.0.0.1] [36mo.s.o.j.LocalContainerEntityManagerFactoryBean[0;39m - Closing JPA EntityManagerFactory for persistence unit 'default' 
2021-12-17 19:53:55,272 [RMI TCP Connection(46)-127.0.0.1] [36mc.z.h.HikariDataSource[0;39m - HikariPool-1 - Shutdown initiated... 
2021-12-17 19:53:55,275 [RMI TCP Connection(46)-127.0.0.1] [36mc.z.h.HikariDataSource[0;39m - HikariPool-1 - Shutdown completed. 
